--- Terminal on COM6 | 115200 8-N-1
--- Available filters and text transformations: debug, default, direct, esp32_exception_decoder, hexlify, log2file, nocontrol, printable, send_on_enter, time
--- More details at https://bit.ly/pio-monitor-filters
--- Quit: Ctrl+C | Menu: Ctrl+T | Help: Ctrl+T followed by Ctrl+H
[LOOP-ALIVE] heap=54724
[PROTO-ALIVE] handle called heap=54724 mqtt=0x3c294558
[STATUS] uptime=0h1m0s heap=54724/42996 psram=8363136
[STATUS] WiFi=CONNECTED ssid=fastbee ip=192.168.5.116 rssi=-54 ch=11
[LOOP-ALIVE] heap=54724
[PROTO-ALIVE] handle called heap=54724 mqtt=0x3c294558
[PROTO-ALIVE] handle called heap=54724 mqtt=0x3c294558
[LOOP-ALIVE] heap=54724
[PROTO-ALIVE] handle called heap=54724 mqtt=0x3c294558
[STATUS] uptime=0h1m30s heap=54724/42996 psram=8362848
[STATUS] WiFi=CONNECTED ssid=fastbee ip=192.168.5.116 rssi=-52 ch=11
[LOOP-ALIVE] heap=54724
[PROTO-ALIVE] handle called heap=54724 mqtt=0x3c294558
[PROTO-ALIVE] handle called heap=54724 mqtt=0x3c294558
[LOOP-ALIVE] heap=54724
[PROTO-ALIVE] handle called heap=54676 mqtt=0x3c294558
[STATUS] uptime=0h2m0s heap=54724/42996 psram=8363136
[STATUS] WiFi=CONNECTED ssid=fastbee ip=192.168.5.116 rssi=-50 ch=11
[LOOP-ALIVE] heap=54724
[PROTO-ALIVE] handle called heap=54724 mqtt=0x3c294558
[PROTO-ALIVE] handle called heap=54724 mqtt=0x3c294558
[LOOP-ALIVE] heap=54724
[PROTO-ALIVE] handle called heap=54724 mqtt=0x3c294558
[STATUS] uptime=0h2m30s heap=54724/42996 psram=8362880
[STATUS] WiFi=CONNECTED ssid=fastbee ip=192.168.5.116 rssi=-53 ch=11
[LOOP-ALIVE] heap=54724
[PROTO-ALIVE] handle called heap=54724 mqtt=0x3c294558
[PROTO-ALIVE] handle called heap=54724 mqtt=0x3c294558
[LOOP-ALIVE] heap=54724
[PROTO-ALIVE] handle called heap=54724 mqtt=0x3c294558
[STATUS] uptime=0h3m0s heap=54724/42996 psram=8363168
[STATUS] WiFi=CONNECTED ssid=fastbee ip=192.168.5.116 rssi=-46 ch=11
[LOOP-ALIVE] heap=54480
[PROTO-ALIVE] handle called heap=54724 mqtt=0x3c294558
[PROTO-ALIVE] handle called heap=54724 mqtt=0x3c294558
[LOOP-ALIVE] heap=54724
[PROTO-ALIVE] handle called heap=54724 mqtt=0x3c294558
[STATUS] uptime=0h3m30s heap=54724/42996 psram=8363168
[STATUS] WiFi=CONNECTED ssid=fastbee ip=192.168.5.116 rssi=-49 ch=11
[LOOP-ALIVE] heap=54724
[PROTO-ALIVE] handle called heap=54724 mqtt=0x3c294558
[PROTO-ALIVE] handle called heap=54724 mqtt=0x3c294558
[LOOP-ALIVE] heap=54724
[PROTO-ALIVE] handle called heap=54724 mqtt=0x3c294558
[STATUS] uptime=0h4m0s heap=54724/42996 psram=8362880
[STATUS] WiFi=CONNECTED ssid=fastbee ip=192.168.5.116 rssi=-51 ch=11
[LOOP-ALIVE] heap=54724
[PROTO-ALIVE] handle called heap=54724 mqtt=0x3c294558
[PROTO-ALIVE] handle called heap=54724 mqtt=0x3c294558
[LOOP-ALIVE] heap=54724
[PROTO-ALIVE] handle called heap=54724 mqtt=0x3c294558
[STATUS] uptime=0h4m30s heap=54724/42996 psram=8363168
[STATUS] WiFi=CONNECTED ssid=fastbee ip=192.168.5.116 rssi=-53 ch=11
[LOOP-ALIVE] heap=54724
[PROTO-ALIVE] handle called heap=54724 mqtt=0x3c294558
[PROTO-ALIVE] handle called heap=54676 mqtt=0x3c294558
[LOOP-ALIVE] heap=54676
[PROTO-ALIVE] handle called heap=54724 mqtt=0x3c294558
[STATUS] uptime=0h5m0s heap=54724/42996 psram=8363168
[STATUS] WiFi=CONNECTED ssid=fastbee ip=192.168.5.116 rssi=-53 ch=11
[LOOP-ALIVE] heap=54724
[PROTO-ALIVE] handle called heap=54724 mqtt=0x3c294558
[PROTO-ALIVE] handle called heap=54724 mqtt=0x3c294558
[LOOP-ALIVE] heap=54676
[MQTT] Reconnect scheduled (heap=43596 cnt=2 interval=300000)
[MQTT] doReconnect: DRAM free=43596 largest=32756 | total free=43596 largest=8257524
[MQTT] doReconnect: MQTTS DRAM OK after delay (dram=43596 largest=32756)
[MQTT] doReconnect: starting (heap=43596 largest=32756 scheme=mqtts)
[MQTT] Connecting to d23de4e7b2.st1.iotda-device.cn-east-3.myhuaweicloud.com:8883 clientId=6a03ed2d18855b39c518fbc7_xfxt_esp32_0_0_2026061809
[318998][E][ssl_client.cpp:36] _handle_error(): [start_ssl_client():303]: (-32512) SSL - Memory allocation failed
[319008][E][NetworkClientSecure.cpp:159] connect(): start_ssl_client: connect failed: -32512
[MQTT] Connect FAILED rc=-2 (cnt=3)
[MQTT] MQTTS failed (rc=-2), DRAM=43180 largest=32756. Aggressive retry...
[MQTT] Aggressive retry: DRAM=43440 largest=32756
[MQTT] Connecting to d23de4e7b2.st1.iotda-device.cn-east-3.myhuaweicloud.com:8883 clientId=6a03ed2d18855b39c518fbc7_xfxt_esp32_0_0_2026061809
[319603][E][ssl_client.cpp:36] _handle_error(): [start_ssl_client():303]: (-32512) SSL - Memory allocation failed
[319613][E][NetworkClientSecure.cpp:159] connect(): start_ssl_client: connect failed: -32512
[MQTT] Connect FAILED rc=-2 (cnt=4)
[PROTO-ALIVE] handle called heap=54724 mqtt=0x3c294558
[STATUS] uptime=0h5m30s heap=54724/42996 psram=8362356
[STATUS] WiFi=CONNECTED ssid=fastbee ip=192.168.5.116 rssi=-57 ch=11
[LOOP-ALIVE] heap=54724
[PROTO-ALIVE] handle called heap=54724 mqtt=0x3c294558
[PROTO-ALIVE] handle called heap=54724 mqtt=0x3c294558
[LOOP-ALIVE] heap=54724
[PROTO-ALIVE] handle called heap=54724 mqtt=0x3c294558
[STATUS] uptime=0h6m0s heap=54724/42996 psram=8363168
[STATUS] WiFi=CONNECTED ssid=fastbee ip=192.168.5.116 rssi=-57 ch=11
[LOOP-ALIVE] heap=54724
[PROTO-ALIVE] handle called heap=54676 mqtt=0x3c294558
[PROTO-ALIVE] handle called heap=54724 mqtt=0x3c294558
[LOOP-ALIVE] heap=54724
[PROTO-ALIVE] handle called heap=54724 mqtt=0x3c294558
[STATUS] uptime=0h6m30s heap=54724/42996 psram=8363168
[STATUS] WiFi=CONNECTED ssid=fastbee ip=192.168.5.116 rssi=-49 ch=11
[LOOP-ALIVE] heap=54724
[PROTO-ALIVE] handle called heap=54724 mqtt=0x3c294558
[PROTO-ALIVE] handle called heap=54676 mqtt=0x3c294558
[LOOP-ALIVE] heap=54724
[PROTO-ALIVE] handle called heap=54724 mqtt=0x3c294558
[STATUS] uptime=0h7m0s heap=54724/42996 psram=8363168
[STATUS] WiFi=CONNECTED ssid=fastbee ip=192.168.5.116 rssi=-48 ch=11
[LOOP-ALIVE] heap=54724
[PROTO-ALIVE] handle called heap=54724 mqtt=0x3c294558
