[STATUS] uptime=0h4m0s heap=54720/42996 psram=8363152
[STATUS] WiFi=CONNECTED ssid=fastbee ip=192.168.5.116 rssi=-51 ch=11
[LOOP-ALIVE] heap=54720
[PROTO-ALIVE] handle called heap=54720 mqtt=0x3c2945d8
[PROTO-ALIVE] handle called heap=54720 mqtt=0x3c2945d8
[LOOP-ALIVE] heap=54720
[PROTO-ALIVE] handle called heap=54720 mqtt=0x3c2945d8
[STATUS] uptime=0h4m30s heap=54720/42996 psram=8362864
[STATUS] WiFi=CONNECTED ssid=fastbee ip=192.168.5.116 rssi=-50 ch=11
[LOOP-ALIVE] heap=54720
[PROTO-ALIVE] handle called heap=54720 mqtt=0x3c2945d8
[PROTO-ALIVE] handle called heap=54720 mqtt=0x3c2945d8
[LOOP-ALIVE] heap=54720
[PROTO-ALIVE] handle called heap=54720 mqtt=0x3c2945d8
[STATUS] uptime=0h5m0s heap=54720/42996 psram=8363152
[STATUS] WiFi=CONNECTED ssid=fastbee ip=192.168.5.116 rssi=-51 ch=11
[LOOP-ALIVE] heap=54672
[PROTO-ALIVE] handle called heap=54720 mqtt=0x3c2945d8
[PROTO-ALIVE] handle called heap=54720 mqtt=0x3c2945d8
[LOOP-ALIVE] heap=54720
[PROTO-ALIVE] handle called heap=54720 mqtt=0x3c2945d8
[STATUS] uptime=0h5m30s heap=54720/42996 psram=8363152
[STATUS] WiFi=CONNECTED ssid=fastbee ip=192.168.5.116 rssi=-51 ch=11
[LOOP-ALIVE] heap=54672
[PROTO-ALIVE] handle called heap=54720 mqtt=0x3c2945d8
[PROTO-ALIVE] handle called heap=54720 mqtt=0x3c2945d8
[MQTT] Reconnect scheduled (heap=43544 cnt=6 interval=300000)
[LOOP-ALIVE] heap=43592
[MQTT] doReconnect: DRAM free=43592 largest=32756 | total free=43592 largest=8257524
[MQTT] doReconnect: MQTTS DRAM OK after delay (dram=43592 largest=32756)
[MQTT] doReconnect: starting (heap=43592 largest=32756 scheme=mqtts)
[MQTT] Connecting to d23de4e7b2.st1.iotda-device.cn-east-3.myhuaweicloud.com:8883 clientId=6a03ed2d18855b39c518fbc7_xfxt_esp32_0_0_2026061809
[346072][E][ssl_client.cpp:36] _handle_error(): [start_ssl_client():303]: (-32512) SSL - Memory allocation failed
[346083][E][NetworkClientSecure.cpp:159] connect(): start_ssl_client: connect failed: -32512
[MQTT] Connect FAILED rc=-2 (cnt=7)
[MQTT] MQTTS failed (rc=-2), DRAM=43388 largest=32756. Aggressive retry...
[MQTT] Aggressive retry: DRAM=43436 largest=32756
[MQTT] Connecting to d23de4e7b2.st1.iotda-device.cn-east-3.myhuaweicloud.com:8883 clientId=6a03ed2d18855b39c518fbc7_xfxt_esp32_0_0_2026061809
[346661][E][ssl_client.cpp:36] _handle_error(): [start_ssl_client():303]: (-32512) SSL - Memory allocation failed
[346672][E][NetworkClientSecure.cpp:159] connect(): start_ssl_client: connect failed: -32512
[MQTT] Connect FAILED rc=-2 (cnt=8)
[PROTO-ALIVE] handle called heap=54720 mqtt=0x3c2945d8
[STATUS] uptime=0h6m0s heap=54720/42996 psram=8362608
[STATUS] WiFi=CONNECTED ssid=fastbee ip=192.168.5.116 rssi=-51 ch=11
[LOOP-ALIVE] heap=54672
[PROTO-ALIVE] handle called heap=54672 mqtt=0x3c2945d8
[PROTO-ALIVE] handle called heap=54720 mqtt=0x3c2945d8
[LOOP-ALIVE] heap=54720
[PROTO-ALIVE] handle called heap=54720 mqtt=0x3c2945d8
