[PROTO-ALIVE] handle called heap=54232 mqtt=0x3c29556c
[MQTT] Reconnect scheduled (heap=43104 cnt=0 interval=5000)
[MQTT] doReconnect: DRAM free=43104 largest=32756 | total free=43104 largest=8257524
[MQTT] doReconnect: heap too low (heap=43104 largest=32756 scheme=mqtts min=45000/25000), skipping
[LOOP-ALIVE] heap=54184
[MQTT] Reconnect scheduled (heap=42916 cnt=0 interval=5000)
[MQTT] doReconnect: DRAM free=43104 largest=32756 | total free=43104 largest=8257524
[MQTT] doReconnect: heap too low (heap=43104 largest=32756 scheme=mqtts min=45000/25000), skipping
[PROTO-ALIVE] handle called heap=54184 mqtt=0x3c29556c
[MQTT] Reconnect scheduled (heap=43104 cnt=0 interval=5000)
[MQTT] doReconnect: DRAM free=43104 largest=32756 | total free=43104 largest=8257524
[MQTT] doReconnect: heap too low (heap=43104 largest=32756 scheme=mqtts min=45000/25000), skipping
[MQTT] Reconnect scheduled (heap=43104 cnt=0 interval=5000)
[MQTT] doReconnect: DRAM free=43104 largest=32756 | total free=43104 largest=8257524
[MQTT] doReconnect: heap too low (heap=43104 largest=32756 scheme=mqtts min=45000/25000), skipping
[STATUS] uptime=0h1m30s heap=54232/42996 psram=8363124
[STATUS] WiFi=CONNECTED ssid=fastbee ip=192.168.5.116 rssi=-54 ch=11
[LOOP-ALIVE] heap=54232
[PROTO-ALIVE] handle called heap=54184 mqtt=0x3c29556c
[MQTT] Reconnect scheduled (heap=43104 cnt=0 interval=5000)
[MQTT] doReconnect: DRAM free=43104 largest=32756 | total free=43104 largest=8257524
[MQTT] doReconnect: heap too low (heap=43104 largest=32756 scheme=mqtts min=45000/25000), skipping
[MQTT] Reconnect scheduled (heap=43104 cnt=0 interval=5000)
[MQTT] doReconnect: DRAM free=43104 largest=32756 | total free=43104 largest=8257524
[MQTT] doReconnect: heap too low (heap=43104 largest=32756 scheme=mqtts min=45000/25000), skipping
[PROTO-ALIVE] handle called heap=54232 mqtt=0x3c29556c
[MQTT] Reconnect scheduled (heap=43104 cnt=0 interval=5000)
[MQTT] doReconnect: DRAM free=43104 largest=32756 | total free=43104 largest=8257524
[MQTT] doReconnect: heap too low (heap=43104 largest=32756 scheme=mqtts min=45000/25000), skipping
[LOOP-ALIVE] heap=54184
[MQTT] Reconnect scheduled (heap=43104 cnt=0 interval=5000)
[MQTT] doReconnect: DRAM free=43056 largest=32756 | total free=43056 largest=8257524
[MQTT] doReconnect: heap too low (heap=43056 largest=32756 scheme=mqtts min=45000/25000), skipping
[PROTO-ALIVE] handle called heap=54184 mqtt=0x3c29556c
[MQTT] Reconnect scheduled (heap=43056 cnt=0 interval=5000)
[MQTT] doReconnect: DRAM free=43104 largest=32756 | total free=43104 largest=8257524
[MQTT] doReconnect: heap too low (heap=43104 largest=32756 scheme=mqtts min=45000/25000), skipping
[MQTT] Reconnect scheduled (heap=43104 cnt=0 interval=5000)
[MQTT] doReconnect: DRAM free=43104 largest=32756 | total free=43104 largest=8257524
[MQTT] doReconnect: heap too low (heap=43104 largest=32756 scheme=mqtts min=45000/25000), skipping
[STATUS] uptime=0h2m0s heap=54232/42996 psram=8363124
[STATUS] WiFi=CONNECTED ssid=fastbee ip=192.168.5.116 rssi=-50 ch=11
[LOOP-ALIVE] heap=54232
[PROTO-ALIVE] handle called heap=54232 mqtt=0x3c29556c
[MQTT] Reconnect scheduled (heap=43104 cnt=0 interval=5000)
[MQTT] doReconnect: DRAM free=43104 largest=32756 | total free=43104 largest=8257524
[MQTT] doReconnect: heap too low (heap=43104 largest=32756 scheme=mqtts min=45000/25000), skipping
[MQTT] Reconnect scheduled (heap=43056 cnt=0 interval=5000)
[MQTT] doReconnect: DRAM free=43104 largest=32756 | total free=43104 largest=8257524
[MQTT] doReconnect: heap too low (heap=43104 largest=32756 scheme=mqtts min=45000/25000), skipping
[PROTO-ALIVE] handle called heap=54232 mqtt=0x3c29556c
[MQTT] Reconnect scheduled (heap=43104 cnt=0 interval=5000)
[MQTT] doReconnect: DRAM free=43104 largest=32756 | total free=43104 largest=8257524
[MQTT] doReconnect: heap too low (heap=43104 largest=32756 scheme=mqtts min=45000/25000), skipping
[LOOP-ALIVE] heap=54184
[MQTT] Reconnect scheduled (heap=43104 cnt=0 interval=5000)
[MQTT] doReconnect: DRAM free=43104 largest=32756 | total free=43104 largest=8257524
[MQTT] doReconnect: heap too low (heap=43104 largest=32756 scheme=mqtts min=45000/25000), skipping
[PROTO-ALIVE] handle called heap=54232 mqtt=0x3c29556c
[MQTT] Reconnect scheduled (heap=43104 cnt=0 interval=5000)
[MQTT] doReconnect: DRAM free=43056 largest=32756 | total free=43056 largest=8257524
[MQTT] doReconnect: heap too low (heap=43056 largest=32756 scheme=mqtts min=45000/25000), skipping
[MQTT] Reconnect scheduled (heap=43056 cnt=0 interval=5000)
[MQTT] doReconnect: DRAM free=43104 largest=32756 | total free=43104 largest=8257524
[MQTT] doReconnect: heap too low (heap=43104 largest=32756 scheme=mqtts min=45000/25000), skipping
[STATUS] uptime=0h2m30s heap=54232/42996 psram=8363156
[STATUS] WiFi=CONNECTED ssid=fastbee ip=192.168.5.116 rssi=-48 ch=11
[LOOP-ALIVE] heap=54232
[PROTO-ALIVE] handle called heap=54184 mqtt=0x3c29556c
[MQTT] Reconnect scheduled (heap=43104 cnt=0 interval=5000)
[MQTT] doReconnect: DRAM free=43104 largest=32756 | total free=43104 largest=8257524
[MQTT] doReconnect: heap too low (heap=43104 largest=32756 scheme=mqtts min=45000/25000), skipping
[MQTT] Reconnect scheduled (heap=43056 cnt=0 interval=5000)
[MQTT] doReconnect: DRAM free=43104 largest=32756 | total free=43104 largest=8257524
[MQTT] doReconnect: heap too low (heap=43104 largest=32756 scheme=mqtts min=45000/25000), skipping
